<?xml version="1.0" encoding="UTF-8"?>
<!-- Generated by org.testng.reporters.JUnitReportReporter -->
<testsuite skipped="0" hostname="DESKTOP-GG1MRP8" name="weekone.FacebookSignup" tests="1" failures="0" timestamp="12 Feb 2021 03:46:23 GMT" time="14.310" errors="0">
  <testcase name="fb" time="14.310" classname="weekone.FacebookSignup"/>
</testsuite> <!-- weekone.FacebookSignup -->
